container_name: fastapitest

=============
== PyTorch ==
=============

NVIDIA Release 21.09 (build 26760254)
PyTorch Version 1.10.0a0+3fd9dcf

Container image Copyright (c) 2021, NVIDIA CORPORATION.  All rights reserved.

Copyright (c) 2014-2021 Facebook Inc.
Copyright (c) 2011-2014 Idiap Research Institute (Ronan Collobert)
Copyright (c) 2012-2014 Deepmind Technologies    (Koray Kavukcuoglu)
Copyright (c) 2011-2012 NEC Laboratories America (Koray Kavukcuoglu)
Copyright (c) 2011-2013 NYU                      (Clement Farabet)
Copyright (c) 2006-2010 NEC Laboratories America (Ronan Collobert, Leon Bottou, Iain Melvin, Jason Weston)
Copyright (c) 2006      Idiap Research Institute (Samy Bengio)
Copyright (c) 2001-2004 Idiap Research Institute (Ronan Collobert, Samy Bengio, Johnny Mariethoz)
Copyright (c) 2015      Google Inc.
Copyright (c) 2015      Yangqing Jia
Copyright (c) 2013-2016 The Caffe contributors
All rights reserved.

NVIDIA Deep Learning Profiler (dlprof) Copyright (c) 2021, NVIDIA CORPORATION.  All rights reserved.

Various files include modifications (c) NVIDIA CORPORATION.  All rights reserved.

This container image and its contents are governed by the NVIDIA Deep Learning Container License.
By pulling and using the container, you accept the terms and conditions of this license:
https://developer.nvidia.com/ngc/nvidia-deep-learning-container-license

NOTE: MOFED driver was detected, but nv_peer_mem driver was not detected.
      Multi-node communication performance may be reduced.

Requirement already satisfied: pip in /opt/conda/lib/python3.8/site-packages (21.2.4)
Collecting pip
  Downloading pip-23.3.1-py3-none-any.whl (2.1 MB)
Installing collected packages: pip
  Attempting uninstall: pip
    Found existing installation: pip 21.2.4
    Uninstalling pip-21.2.4:
      Successfully uninstalled pip-21.2.4
Successfully installed pip-23.3.1
Collecting sentence_transformers
  Downloading sentence-transformers-2.2.2.tar.gz (85 kB)
     ━━━━━━━━━━━━━━━━━━━━━━━━━━━━━━━━━━━━━━━━ 86.0/86.0 kB 11.9 MB/s eta 0:00:00
  Preparing metadata (setup.py): started
  Preparing metadata (setup.py): finished with status 'done'
Collecting pandas
  Downloading pandas-2.0.3-cp38-cp38-manylinux_2_17_x86_64.manylinux2014_x86_64.whl.metadata (18 kB)
Collecting transformers<5.0.0,>=4.6.0 (from sentence_transformers)
  Downloading transformers-4.35.2-py3-none-any.whl.metadata (123 kB)
     ━━━━━━━━━━━━━━━━━━━━━━━━━━━━━━━━━━━━━━ 123.5/123.5 kB 41.5 MB/s eta 0:00:00
Requirement already satisfied: tqdm in /opt/conda/lib/python3.8/site-packages (from sentence_transformers) (4.62.2)
Requirement already satisfied: torch>=1.6.0 in /opt/conda/lib/python3.8/site-packages (from sentence_transformers) (1.10.0a0+3fd9dcf)
Requirement already satisfied: torchvision in /opt/conda/lib/python3.8/site-packages (from sentence_transformers) (0.11.0a0)
Requirement already satisfied: numpy in /opt/conda/lib/python3.8/site-packages (from sentence_transformers) (1.21.2)
Requirement already satisfied: scikit-learn in /opt/conda/lib/python3.8/site-packages (from sentence_transformers) (0.24.2)
Requirement already satisfied: scipy in /opt/conda/lib/python3.8/site-packages (from sentence_transformers) (1.6.3)
Requirement already satisfied: nltk in /opt/conda/lib/python3.8/site-packages (from sentence_transformers) (3.6.2)
Collecting sentencepiece (from sentence_transformers)
  Downloading sentencepiece-0.1.99-cp38-cp38-manylinux_2_17_x86_64.manylinux2014_x86_64.whl (1.3 MB)
     ━━━━━━━━━━━━━━━━━━━━━━━━━━━━━━━━━━━━━━━━ 1.3/1.3 MB 66.4 MB/s eta 0:00:00
Collecting huggingface-hub>=0.4.0 (from sentence_transformers)
  Downloading huggingface_hub-0.19.4-py3-none-any.whl.metadata (14 kB)
Requirement already satisfied: python-dateutil>=2.8.2 in /opt/conda/lib/python3.8/site-packages (from pandas) (2.8.2)
Requirement already satisfied: pytz>=2020.1 in /opt/conda/lib/python3.8/site-packages (from pandas) (2021.1)
Collecting tzdata>=2022.1 (from pandas)
  Downloading tzdata-2023.3-py2.py3-none-any.whl (341 kB)
     ━━━━━━━━━━━━━━━━━━━━━━━━━━━━━━━━━━━━━━ 341.8/341.8 kB 64.8 MB/s eta 0:00:00
Requirement already satisfied: filelock in /opt/conda/lib/python3.8/site-packages (from huggingface-hub>=0.4.0->sentence_transformers) (3.0.12)
Collecting fsspec>=2023.5.0 (from huggingface-hub>=0.4.0->sentence_transformers)
  Downloading fsspec-2023.10.0-py3-none-any.whl.metadata (6.8 kB)
Requirement already satisfied: requests in /opt/conda/lib/python3.8/site-packages (from huggingface-hub>=0.4.0->sentence_transformers) (2.26.0)
Requirement already satisfied: pyyaml>=5.1 in /opt/conda/lib/python3.8/site-packages (from huggingface-hub>=0.4.0->sentence_transformers) (5.4.1)
Requirement already satisfied: typing-extensions>=3.7.4.3 in /opt/conda/lib/python3.8/site-packages (from huggingface-hub>=0.4.0->sentence_transformers) (3.10.0.0)
Requirement already satisfied: packaging>=20.9 in /opt/conda/lib/python3.8/site-packages (from huggingface-hub>=0.4.0->sentence_transformers) (21.0)
Requirement already satisfied: six>=1.5 in /opt/conda/lib/python3.8/site-packages (from python-dateutil>=2.8.2->pandas) (1.16.0)
Requirement already satisfied: regex!=2019.12.17 in /opt/conda/lib/python3.8/site-packages (from transformers<5.0.0,>=4.6.0->sentence_transformers) (2021.8.28)
Collecting tokenizers<0.19,>=0.14 (from transformers<5.0.0,>=4.6.0->sentence_transformers)
  Downloading tokenizers-0.15.0-cp38-cp38-manylinux_2_17_x86_64.manylinux2014_x86_64.whl.metadata (6.7 kB)
Collecting safetensors>=0.3.1 (from transformers<5.0.0,>=4.6.0->sentence_transformers)
  Downloading safetensors-0.4.1-cp38-cp38-manylinux_2_17_x86_64.manylinux2014_x86_64.whl.metadata (3.8 kB)
Requirement already satisfied: click in /opt/conda/lib/python3.8/site-packages (from nltk->sentence_transformers) (7.1.2)
Requirement already satisfied: joblib in /opt/conda/lib/python3.8/site-packages (from nltk->sentence_transformers) (1.0.1)
Requirement already satisfied: threadpoolctl>=2.0.0 in /opt/conda/lib/python3.8/site-packages (from scikit-learn->sentence_transformers) (2.2.0)
Requirement already satisfied: pillow!=8.3.0,>=5.3.0 in /opt/conda/lib/python3.8/site-packages (from torchvision->sentence_transformers) (8.2.0)
Requirement already satisfied: pyparsing>=2.0.2 in /opt/conda/lib/python3.8/site-packages (from packaging>=20.9->huggingface-hub>=0.4.0->sentence_transformers) (2.4.7)
Requirement already satisfied: urllib3<1.27,>=1.21.1 in /opt/conda/lib/python3.8/site-packages (from requests->huggingface-hub>=0.4.0->sentence_transformers) (1.26.6)
Requirement already satisfied: certifi>=2017.4.17 in /opt/conda/lib/python3.8/site-packages (from requests->huggingface-hub>=0.4.0->sentence_transformers) (2021.5.30)
Requirement already satisfied: charset-normalizer~=2.0.0 in /opt/conda/lib/python3.8/site-packages (from requests->huggingface-hub>=0.4.0->sentence_transformers) (2.0.0)
Requirement already satisfied: idna<4,>=2.5 in /opt/conda/lib/python3.8/site-packages (from requests->huggingface-hub>=0.4.0->sentence_transformers) (3.1)
Downloading pandas-2.0.3-cp38-cp38-manylinux_2_17_x86_64.manylinux2014_x86_64.whl (12.4 MB)
   ━━━━━━━━━━━━━━━━━━━━━━━━━━━━━━━━━━━━━━━━ 12.4/12.4 MB 82.2 MB/s eta 0:00:00
Downloading huggingface_hub-0.19.4-py3-none-any.whl (311 kB)
   ━━━━━━━━━━━━━━━━━━━━━━━━━━━━━━━━━━━━━━━━ 311.7/311.7 kB 58.8 MB/s eta 0:00:00
Downloading transformers-4.35.2-py3-none-any.whl (7.9 MB)
   ━━━━━━━━━━━━━━━━━━━━━━━━━━━━━━━━━━━━━━━━ 7.9/7.9 MB 86.3 MB/s eta 0:00:00
Downloading fsspec-2023.10.0-py3-none-any.whl (166 kB)
   ━━━━━━━━━━━━━━━━━━━━━━━━━━━━━━━━━━━━━━━━ 166.4/166.4 kB 41.8 MB/s eta 0:00:00
Downloading safetensors-0.4.1-cp38-cp38-manylinux_2_17_x86_64.manylinux2014_x86_64.whl (1.3 MB)
   ━━━━━━━━━━━━━━━━━━━━━━━━━━━━━━━━━━━━━━━━ 1.3/1.3 MB 62.8 MB/s eta 0:00:00
Downloading tokenizers-0.15.0-cp38-cp38-manylinux_2_17_x86_64.manylinux2014_x86_64.whl (3.8 MB)
   ━━━━━━━━━━━━━━━━━━━━━━━━━━━━━━━━━━━━━━━━ 3.8/3.8 MB 84.2 MB/s eta 0:00:00
Building wheels for collected packages: sentence_transformers
  Building wheel for sentence_transformers (setup.py): started
  Building wheel for sentence_transformers (setup.py): finished with status 'done'
  Created wheel for sentence_transformers: filename=sentence_transformers-2.2.2-py3-none-any.whl size=125938 sha256=162d988f39cdc4d26c6e39413ff93e59f2671e93502782b45e2d76e74d3759db
  Stored in directory: /root/.cache/pip/wheels/5e/6f/8c/d88aec621f3f542d26fac0342bef5e693335d125f4e54aeffe
Successfully built sentence_transformers
Installing collected packages: sentencepiece, tzdata, safetensors, fsspec, pandas, huggingface-hub, tokenizers, transformers, sentence_transformers
Successfully installed fsspec-2023.10.0 huggingface-hub-0.19.4 pandas-2.0.3 safetensors-0.4.1 sentence_transformers-2.2.2 sentencepiece-0.1.99 tokenizers-0.15.0 transformers-4.35.2 tzdata-2023.3
Looking in indexes: https://download.pytorch.org/whl/cu118
Collecting torch==2.0.1
  Downloading https://download.pytorch.org/whl/cu118/torch-2.0.1%2Bcu118-cp38-cp38-linux_x86_64.whl (2267.3 MB)
     ━━━━━━━━━━━━━━━━━━━━━━━━━━━━━━━━━━━━━━━━ 2.3/2.3 GB 1.5 MB/s eta 0:00:00
Collecting torchvision==0.15.2
  Downloading https://download.pytorch.org/whl/cu118/torchvision-0.15.2%2Bcu118-cp38-cp38-linux_x86_64.whl (33.9 MB)
     ━━━━━━━━━━━━━━━━━━━━━━━━━━━━━━━━━━━━━━━━ 33.9/33.9 MB 43.3 MB/s eta 0:00:00
Collecting torchaudio==2.0.2
  Downloading https://download.pytorch.org/whl/cu118/torchaudio-2.0.2%2Bcu118-cp38-cp38-linux_x86_64.whl (4.4 MB)
     ━━━━━━━━━━━━━━━━━━━━━━━━━━━━━━━━━━━━━━━━ 4.4/4.4 MB 56.7 MB/s eta 0:00:00
Requirement already satisfied: filelock in /opt/conda/lib/python3.8/site-packages (from torch==2.0.1) (3.0.12)
Requirement already satisfied: typing-extensions in /opt/conda/lib/python3.8/site-packages (from torch==2.0.1) (3.10.0.0)
Collecting sympy (from torch==2.0.1)
  Downloading https://download.pytorch.org/whl/sympy-1.12-py3-none-any.whl (5.7 MB)
     ━━━━━━━━━━━━━━━━━━━━━━━━━━━━━━━━━━━━━━━━ 5.7/5.7 MB 88.4 MB/s eta 0:00:00
Requirement already satisfied: networkx in /opt/conda/lib/python3.8/site-packages (from torch==2.0.1) (2.0)
Requirement already satisfied: jinja2 in /opt/conda/lib/python3.8/site-packages (from torch==2.0.1) (3.0.1)
Collecting triton==2.0.0 (from torch==2.0.1)
  Downloading https://download.pytorch.org/whl/triton-2.0.0-1-cp38-cp38-manylinux2014_x86_64.manylinux_2_17_x86_64.whl (63.2 MB)
     ━━━━━━━━━━━━━━━━━━━━━━━━━━━━━━━━━━━━━━━━ 63.2/63.2 MB 32.6 MB/s eta 0:00:00
Requirement already satisfied: numpy in /opt/conda/lib/python3.8/site-packages (from torchvision==0.15.2) (1.21.2)
Requirement already satisfied: requests in /opt/conda/lib/python3.8/site-packages (from torchvision==0.15.2) (2.26.0)
Requirement already satisfied: pillow!=8.3.*,>=5.3.0 in /opt/conda/lib/python3.8/site-packages (from torchvision==0.15.2) (8.2.0)
Collecting cmake (from triton==2.0.0->torch==2.0.1)
  Downloading https://download.pytorch.org/whl/cmake-3.25.0-py2.py3-none-manylinux_2_17_x86_64.manylinux2014_x86_64.whl (23.7 MB)
     ━━━━━━━━━━━━━━━━━━━━━━━━━━━━━━━━━━━━━━━━ 23.7/23.7 MB 50.3 MB/s eta 0:00:00
Collecting lit (from triton==2.0.0->torch==2.0.1)
  Downloading https://download.pytorch.org/whl/lit-15.0.7.tar.gz (132 kB)
     ━━━━━━━━━━━━━━━━━━━━━━━━━━━━━━━━━━━━━━ 132.3/132.3 kB 43.4 MB/s eta 0:00:00
  Preparing metadata (setup.py): started
  Preparing metadata (setup.py): finished with status 'done'
Requirement already satisfied: MarkupSafe>=2.0 in /opt/conda/lib/python3.8/site-packages (from jinja2->torch==2.0.1) (2.0.1)
Requirement already satisfied: decorator>=4.1.0 in /opt/conda/lib/python3.8/site-packages (from networkx->torch==2.0.1) (5.0.9)
Requirement already satisfied: urllib3<1.27,>=1.21.1 in /opt/conda/lib/python3.8/site-packages (from requests->torchvision==0.15.2) (1.26.6)
Requirement already satisfied: certifi>=2017.4.17 in /opt/conda/lib/python3.8/site-packages (from requests->torchvision==0.15.2) (2021.5.30)
Requirement already satisfied: charset-normalizer~=2.0.0 in /opt/conda/lib/python3.8/site-packages (from requests->torchvision==0.15.2) (2.0.0)
Requirement already satisfied: idna<4,>=2.5 in /opt/conda/lib/python3.8/site-packages (from requests->torchvision==0.15.2) (3.1)
Collecting mpmath>=0.19 (from sympy->torch==2.0.1)
  Downloading https://download.pytorch.org/whl/mpmath-1.3.0-py3-none-any.whl (536 kB)
     ━━━━━━━━━━━━━━━━━━━━━━━━━━━━━━━━━━━━━━ 536.2/536.2 kB 59.1 MB/s eta 0:00:00
Building wheels for collected packages: lit
  Building wheel for lit (setup.py): started
  Building wheel for lit (setup.py): finished with status 'done'
  Created wheel for lit: filename=lit-15.0.7-py3-none-any.whl size=90003 sha256=7899db6b72416b0978d95ff937a1180f00d799a6c13b6b7002f473408c8f6f30
  Stored in directory: /root/.cache/pip/wheels/c2/69/d7/7667467c9aee50773790fbdf876e4a2f25452d85e821f8af8d
Successfully built lit
Installing collected packages: mpmath, lit, cmake, sympy, triton, torch, torchvision, torchaudio
  Attempting uninstall: torch
    Found existing installation: torch 1.10.0a0+3fd9dcf
    Uninstalling torch-1.10.0a0+3fd9dcf:
      Successfully uninstalled torch-1.10.0a0+3fd9dcf
  Attempting uninstall: torchvision
    Found existing installation: torchvision 0.11.0a0
    Uninstalling torchvision-0.11.0a0:
      Successfully uninstalled torchvision-0.11.0a0
Successfully installed cmake-3.25.0 lit-15.0.7 mpmath-1.3.0 sympy-1.12 torch-2.0.1+cu118 torchaudio-2.0.2+cu118 torchvision-0.15.2+cu118 triton-2.0.0
